<?xml version="1.0" encoding="UTF-8"?>
<testsuite xmlns:xsi="http://www.w3.org/2001/XMLSchema-instance" xsi:noNamespaceSchemaLocation="https://maven.apache.org/surefire/maven-surefire-plugin/xsd/surefire-test-report-3.0.xsd" version="3.0" name="com.security.platform.normalization.util.VersionComparatorTest" time="0.096" tests="4" errors="0" skipped="0" failures="0">
  <properties>
[...]
</properties>
  <testcase name="testCompareVersions" classname="com.security.platform.normalization.util.VersionComparatorTest" time="0.073"/>
  <testcase name="testIsAffected_CannotBeProvenSafe" classname="com.security.platform.normalization.util.VersionComparatorTest" time="0.0"/>
  <testcase name="testIsAffected_DefinitivelySafe" classname="com.security.platform.normalization.util.VersionComparatorTest" time="0.001"/>
  <testcase name="testIsAffected_Vulnerable" classname="com.security.platform.normalization.util.VersionComparatorTest" time="0.0"/>
</testsuite>